Arguments: 
  C:\Program Files\nodejs\node.exe C:\Program Files\nodejs\node_modules\yarn\bin\yarn.js

PATH: 
  C:\Program Files\Git\mingw64\bin;C:\Program Files\Git\usr\bin;C:\Users\shushiqi\bin;C:\Windows\system32;C:\Windows;C:\Windows\System32\Wbem;C:\Windows\System32\WindowsPowerShell\v1.0;C:\Windows\System32\OpenSSH;C:\Program Files (x86)\NVIDIA Corporation\PhysX\Common;C:\Program Files\NVIDIA Corporation\NVIDIA NvDLISR;C:\Program Files\Git\cmd;D:\nvm;C:\Program Files\nodejs;C:\Users\shushiqi\AppData\Local\Microsoft\WindowsApps;D:\Microsoft VS Code\bin;D:\Docker Toolbox

Yarn version: 
  1.16.0

Node version: 
  12.4.0

Platform: 
  win32 x64

Trace: 
  Error: EEXIST: file already exists, mkdir 'f:\codingdream\js_fullStack\node\14_cross-origin\server\node_modules\koa'

npm manifest: 
  {
    "name": "server",
    "version": "1.0.0",
    "description": "",
    "main": "index.js",
    "scripts": {
      "test": "echo \"Error: no test specified\" && exit 1"
    },
    "keywords": [],
    "author": "",
    "license": "ISC",
    "dependencies": {
      "koa": "^2.7.0",
      "koa-router": "^7.4.0",
      "koa-static": "^5.0.0"
    }
  }

yarn manifest: 
  No manifest

Lockfile: 
  No lockfile
