Arguments: 
  C:\Program Files\nodejs\node.exe C:\Program Files\nodejs\node_modules\yarn\bin\yarn.js add redux @tarojs/redux redux-logger

PATH: 
  C:\Program Files\Git\mingw64\bin;C:\Program Files\Git\usr\bin;C:\Users\shushiqi\bin;C:\Windows\system32;C:\Windows;C:\Windows\System32\Wbem;C:\Windows\System32\WindowsPowerShell\v1.0;C:\Windows\System32\OpenSSH;C:\Program Files (x86)\NVIDIA Corporation\PhysX\Common;C:\Program Files\NVIDIA Corporation\NVIDIA NvDLISR;C:\Program Files\Git\cmd;D:\nvm;C:\Program Files\nodejs;C:\Users\shushiqi\AppData\Local\Microsoft\WindowsApps;D:\Microsoft VS Code\bin;D:\Docker Toolbox

Yarn version: 
  1.16.0

Node version: 
  12.4.0

Platform: 
  win32 x64

Trace: 
  Error: ENOENT: no such file or directory, copyfile 'C:\Users\shushiqi\AppData\Local\Yarn\Cache\v4\npm-ansi-regex-3.0.0-ed0317c322064f79466c02966bddb605ab37d998\node_modules\ansi-regex\index.js' -> 'f:\codingdream\js_fullStack\js\43_Taro-Demo\01_todoList\node_modules\@webpack-contrib\schema-utils\node_modules\ansi-regex\index.js'

npm manifest: 
  {
    "name": "01_todoList",
    "version": "1.0.0",
    "private": true,
    "description": "my first taro-program",
    "templateInfo": {
      "name": "default",
      "typescript": false,
      "css": "stylus"
    },
    "scripts": {
      "build:weapp": "taro build --type weapp",
      "build:swan": "taro build --type swan",
      "build:alipay": "taro build --type alipay",
      "build:tt": "taro build --type tt",
      "build:h5": "taro build --type h5",
      "build:rn": "taro build --type rn",
      "dev:weapp": "npm run build:weapp -- --watch",
      "dev:swan": "npm run build:swan -- --watch",
      "dev:alipay": "npm run build:alipay -- --watch",
      "dev:tt": "npm run build:tt -- --watch",
      "dev:h5": "npm run build:h5 -- --watch",
      "dev:rn": "npm run build:rn -- --watch"
    },
    "author": "",
    "license": "MIT",
    "dependencies": {
      "@tarojs/components": "1.3.6",
      "@tarojs/router": "1.3.6",
      "@tarojs/taro": "1.3.6",
      "@tarojs/taro-alipay": "1.3.6",
      "@tarojs/taro-h5": "1.3.6",
      "@tarojs/taro-swan": "1.3.6",
      "@tarojs/taro-tt": "1.3.6",
      "@tarojs/taro-weapp": "1.3.6",
      "nervjs": "^1.4.0",
      "nerv-devtools": "^1.4.0"
    },
    "devDependencies": {
      "@types/react": "^16.4.6",
      "@types/webpack-env": "^1.13.6",
      "@tarojs/plugin-babel": "1.3.6",
      "@tarojs/plugin-csso": "1.3.6",
      "@tarojs/plugin-stylus": "1.3.6",
      "@tarojs/plugin-uglifyjs": "1.3.6",
      "@tarojs/webpack-runner": "1.3.6",
      "babel-plugin-transform-class-properties": "^6.24.1",
      "babel-plugin-transform-decorators-legacy": "^1.3.4",
      "babel-plugin-transform-jsx-stylesheet": "^0.6.5",
      "babel-plugin-transform-object-rest-spread": "^6.26.0",
      "babel-preset-env": "^1.6.1",
      "babel-eslint": "^8.2.3",
      "eslint": "^5.16.0",
      "eslint-config-taro": "1.3.6",
      "eslint-plugin-react": "^7.8.2",
      "eslint-plugin-import": "^2.12.0",
      "stylelint": "9.3.0",
      "stylelint-config-taro-rn": "1.3.6",
      "stylelint-taro-rn": "1.3.6",
      "eslint-plugin-taro": "1.3.6"
    }
  }

yarn manifest: 
  No manifest

Lockfile: 
  No lockfile
